<?xml version="1.0" encoding="UTF-8"?>
<testsuite name="com.kodilla.collections.adv.exercises.homework.FlightFinderTestSuite" tests="6" skipped="0" failures="0" errors="0" timestamp="2025-11-16T13:50:44.144Z" hostname="DESKTOP-CMK6P3P" time="0.018">
  <properties/>
  <testcase name="testFindFlightsFrom_multipleResults()" classname="com.kodilla.collections.adv.exercises.homework.FlightFinderTestSuite" time="0.002"/>
  <testcase name="testFindFlightsFrom()" classname="com.kodilla.collections.adv.exercises.homework.FlightFinderTestSuite" time="0.001"/>
  <testcase name="testFindFlightsTo_nonExistingCity()" classname="com.kodilla.collections.adv.exercises.homework.FlightFinderTestSuite" time="0.002"/>
  <testcase name="testFindFlightsTo()" classname="com.kodilla.collections.adv.exercises.homework.FlightFinderTestSuite" time="0.002"/>
  <testcase name="testFindFlightsFrom_nonExistingCity()" classname="com.kodilla.collections.adv.exercises.homework.FlightFinderTestSuite" time="0.001"/>
  <testcase name="testFindFlightsTo_multipleResults()" classname="com.kodilla.collections.adv.exercises.homework.FlightFinderTestSuite" time="0.002"/>
  <system-out><![CDATA[]]></system-out>
  <system-err><![CDATA[]]></system-err>
</testsuite>
